C51 COMPILER V9.01   CRC32                                                                 04/20/2017 16:55:12 PAGE 1   


C51 COMPILER V9.01, COMPILATION OF MODULE CRC32
OBJECT MODULE PLACED IN out/Crc32.obj
COMPILER INVOKED BY: C:\Keil\c51\bin\C51.exe Crc32.c OBJECT(out/Crc32.obj) OBJECTADVANCED OPTIMIZE(9,SPEED) BROWSE CODE 
                    -SYMBOLS DF(ENABLE_APE) PR(out/Crc32.lst) OT(7,SPEED) LARGE

line level    source

   1          /***********************************************************************************
   2           * 文 件 名   : Crc32.c
   3           * 创 建 者   : zhangfei
   4           * 创建日期   : 2016年3月25日
   5           * 版权说明   : Copyright (c) 2016-2025   广东乐心医疗电子股份有限公司
   6           * 文件描述   : crc32校验功能
   7           * 修改历史   : 
   8          ***********************************************************************************/
   9          #include "Crc32.h"
  10          #include "spiflash.h"
  11          
  12          static u32_t crc_table;
  13          /*
  14              0x0,0x77073096,0xEE0E612C,0x990951BA,0x76DC419,0x706AF48F,
  15              0xE963A535,0x9E6495A3,0xEDB8832,0x79DCB8A4,0xE0D5E91E,0x97D2D988,
  16              0x9B64C2B,0x7EB17CBD,0xE7B82D07,0x90BF1D91,0x1DB71064,0x6AB020F2,
  17              0xF3B97148,0x84BE41DE,0x1ADAD47D,0x6DDDE4EB,0xF4D4B551,0x83D385C7,
  18              0x136C9856,0x646BA8C0,0xFD62F97A,0x8A65C9EC,0x14015C4F,0x63066CD9,
  19              0xFA0F3D63,0x8D080DF5,0x3B6E20C8,0x4C69105E,0xD56041E4,0xA2677172,
  20              0x3C03E4D1,0x4B04D447,0xD20D85FD,0xA50AB56B,0x35B5A8FA,0x42B2986C,
  21              0xDBBBC9D6,0xACBCF940,0x32D86CE3,0x45DF5C75,0xDCD60DCF,0xABD13D59,
  22              0x26D930AC,0x51DE003A,0xC8D75180,0xBFD06116,0x21B4F4B5,0x56B3C423,
  23              0xCFBA9599,0xB8BDA50F,0x2802B89E,0x5F058808,0xC60CD9B2,0xB10BE924,
  24              0x2F6F7C87,0x58684C11,0xC1611DAB,0xB6662D3D,0x76DC4190,0x1DB7106,
  25              0x98D220BC,0xEFD5102A,0x71B18589,0x6B6B51F,0x9FBFE4A5,0xE8B8D433,
  26              0x7807C9A2,0xF00F934,0x9609A88E,0xE10E9818,0x7F6A0DBB,0x86D3D2D,
  27              0x91646C97,0xE6635C01,0x6B6B51F4,0x1C6C6162,0x856530D8,0xF262004E,
  28              0x6C0695ED,0x1B01A57B,0x8208F4C1,0xF50FC457,0x65B0D9C6,0x12B7E950,
  29              0x8BBEB8EA,0xFCB9887C,0x62DD1DDF,0x15DA2D49,0x8CD37CF3,0xFBD44C65,
  30              0x4DB26158,0x3AB551CE,0xA3BC0074,0xD4BB30E2,0x4ADFA541,0x3DD895D7,
  31              0xA4D1C46D,0xD3D6F4FB,0x4369E96A,0x346ED9FC,0xAD678846,0xDA60B8D0,
  32              0x44042D73,0x33031DE5,0xAA0A4C5F,0xDD0D7CC9,0x5005713C,0x270241AA,
  33              0xBE0B1010,0xC90C2086,0x5768B525,0x206F85B3,0xB966D409,0xCE61E49F,
  34              0x5EDEF90E,0x29D9C998,0xB0D09822,0xC7D7A8B4,0x59B33D17,0x2EB40D81,
  35              0xB7BD5C3B,0xC0BA6CAD,0xEDB88320,0x9ABFB3B6,0x3B6E20C,0x74B1D29A,
  36              0xEAD54739,0x9DD277AF,0x4DB2615,0x73DC1683,0xE3630B12,0x94643B84,
  37              0xD6D6A3E,0x7A6A5AA8,0xE40ECF0B,0x9309FF9D,0xA00AE27,0x7D079EB1,
  38              0xF00F9344,0x8708A3D2,0x1E01F268,0x6906C2FE,0xF762575D,0x806567CB,
  39              0x196C3671,0x6E6B06E7,0xFED41B76,0x89D32BE0,0x10DA7A5A,0x67DD4ACC,
  40              0xF9B9DF6F,0x8EBEEFF9,0x17B7BE43,0x60B08ED5,0xD6D6A3E8,0xA1D1937E,
  41              0x38D8C2C4,0x4FDFF252,0xD1BB67F1,0xA6BC5767,0x3FB506DD,0x48B2364B,
  42              0xD80D2BDA,0xAF0A1B4C,0x36034AF6,0x41047A60,0xDF60EFC3,0xA867DF55,
  43              0x316E8EEF,0x4669BE79,0xCB61B38C,0xBC66831A,0x256FD2A0,0x5268E236,
  44              0xCC0C7795,0xBB0B4703,0x220216B9,0x5505262F,0xC5BA3BBE,0xB2BD0B28,
  45              0x2BB45A92,0x5CB36A04,0xC2D7FFA7,0xB5D0CF31,0x2CD99E8B,0x5BDEAE1D,
  46              0x9B64C2B0,0xEC63F226,0x756AA39C,0x26D930A,0x9C0906A9,0xEB0E363F,
  47              0x72076785,0x5005713,0x95BF4A82,0xE2B87A14,0x7BB12BAE,0xCB61B38,
  48              0x92D28E9B,0xE5D5BE0D,0x7CDCEFB7,0xBDBDF21,0x86D3D2D4,0xF1D4E242,
  49              0x68DDB3F8,0x1FDA836E,0x81BE16CD,0xF6B9265B,0x6FB077E1,0x18B74777,
  50              0x88085AE6,0xFF0F6A70,0x66063BCA,0x11010B5C,0x8F659EFF,0xF862AE69,
  51              0x616BFFD3,0x166CCF45,0xA00AE278,0xD70DD2EE,0x4E048354,0x3903B3C2,
  52              0xA7672661,0xD06016F7,0x4969474D,0x3E6E77DB,0xAED16A4A,0xD9D65ADC,
  53              0x40DF0B66,0x37D83BF0,0xA9BCAE53,0xDEBB9EC5,0x47B2CF7F,0x30B5FFE9,
  54              0xBDBDF21C,0xCABAC28A,0x53B39330,0x24B4A3A6,0xBAD03605,0xCDD70693,
C51 COMPILER V9.01   CRC32                                                                 04/20/2017 16:55:12 PAGE 2   

  55              0x54DE5729,0x23D967BF,0xB3667A2E,0xC4614AB8,0x5D681B02,0x2A6F2B94,
  56              0xB40BBE37,0xC30C8EA1,0x5A05DF1B,0x2D02EF8D,
  57          };
  58          */
  59          
  60          //生成CRC表
  61          /*static void init_crc_table(unsigned int *crc_table)
  62          {
  63                  unsigned int c;
  64                  unsigned int i, j;
  65                  
  66                  for (i = 0; i < 256; i++) {
  67                          c = (unsigned int)i;
  68                          for (j = 0; j < 8; j++) {
  69                                  if (c & 1)
  70                                          c = 0xedb88320L ^ (c >> 1);
  71                                  else
  72                                          c = c >> 1;
  73                          }
  74                          crc_table[i] = c;
  75                  }
  76          }
  77          */
  78          
  79          #define CRC32_ADDR      0x8000
  80          u32_t cal_crc32_multiple(u32_t crc, u8_t *buffer, u32_t size)
  81          {
  82   1          u32_t i;
  83   1          for (i = 0; i < size; ++i)
  84   1          {
  85   2              SPIFlashRead((u8_t *)&crc_table, CRC32_ADDR + (((crc ^ buffer[i]) & 0xff)*4), sizeof(crc_table));
  86   2              crc = crc_table ^ (crc >> 8);
  87   2          }
  88   1      
  89   1          return crc;
  90   1      }
  91          
  92          /*****************************************************************************
  93           * 函 数 名  : crc32
  94           * 函数功能  : crc32计算
  95           * 输入参数  : buffer--需校验的数据
  96           *                                size -- 需校验的数据长度
  97           * 输出参数  : 无
  98           * 返 回 值  : 无
  99          
 100          *****************************************************************************/
 101          //计算CRC校验码
 102          #if 0
              u32_t crc32(u8_t *buffer, u32_t size)
              {
                      u32_t i;
                      u32_t crc = 0;
              //    unsigned int crc_table[256];
                 //删除校验表格初始化操作，采用查表方式，主要是考虑RAM开销
                 //目前RAM比较紧张，如果用临时生成表格的方法，需要临时占用1Kbytes的空间，比较危险
              //    init_crc_table(crc_table);
                  
                      for (i = 0; i < size; i++) {
                              crc = crc_table[(crc ^ buffer[i]) & 0xff] ^ (crc >> 8);
                      }
                      return crc;
              }
C51 COMPILER V9.01   CRC32                                                                 04/20/2017 16:55:12 PAGE 3   

              
              //CS校验
              u8_t cs(u8_t *buffer,u8_t size)
              {
                      u8_t i;
                      u8_t cs = 0;
                      for(i = 0;i<size;i++)
                              cs += buffer[i];
                      return cs;
              }
              #endif
 128          
C51 COMPILER V9.01   CRC32                                                                 04/20/2017 16:55:12 PAGE 4   

ASSEMBLY LISTING OF GENERATED OBJECT CODE


             ; FUNCTION _cal_crc32_multiple (BEGIN)
                                           ; SOURCE LINE # 80
                 R     MOV     DPTR,#crc
                 E     CALL    ?C?LSTXDATA
                 R     MOV     DPTR,#buffer
                       MOV     A,R3
                       MOVX    @DPTR,A
                       INC     DPTR
                       MOV     A,R2
                       MOVX    @DPTR,A
                       INC     DPTR
                       MOV     A,R1
                       MOVX    @DPTR,A
                                           ; SOURCE LINE # 81
                                           ; SOURCE LINE # 83
                 R     MOV     DPTR,#i
                 E     CALL    ?C?LSTKXDATA
                       DB      #00H
                       DB      #00H
                       DB      #00H
                       DB      #00H
             ?C0001:
                 R     MOV     DPTR,#size
                       MOVX    A,@DPTR
                       MOV     R4,A
                       INC     DPTR
                       MOVX    A,@DPTR
                       MOV     R5,A
                       INC     DPTR
                       MOVX    A,@DPTR
                       MOV     R6,A
                       INC     DPTR
                       MOVX    A,@DPTR
                       MOV     R7,A
                       INC     DPTR
                       MOVX    A,@DPTR
                       MOV     R0,A
                       INC     DPTR
                       MOVX    A,@DPTR
                       MOV     R1,A
                       INC     DPTR
                       MOVX    A,@DPTR
                       MOV     R2,A
                       INC     DPTR
                       MOVX    A,@DPTR
                       MOV     R3,A
                       CLR     C
                 E     CALL    ?C?ULCMP
                 R     xJGE    ?C0002
                                           ; SOURCE LINE # 84
                                           ; SOURCE LINE # 85
                 R     MOV     DPTR,#i
                       MOVX    A,@DPTR
                       INC     DPTR
                       MOVX    A,@DPTR
                       INC     DPTR
                       MOVX    A,@DPTR
                       MOV     R6,A
                       INC     DPTR
C51 COMPILER V9.01   CRC32                                                                 04/20/2017 16:55:12 PAGE 5   

                       MOVX    A,@DPTR
                       MOV     R7,A
                 R     MOV     DPTR,#buffer
                       MOVX    A,@DPTR
                       MOV     R3,A
                       INC     DPTR
                       MOVX    A,@DPTR
                       MOV     R2,A
                       INC     DPTR
                       MOVX    A,@DPTR
                       MOV     R1,A
                       MOV     DPL,R7
                       MOV     DPH,R6
                 E     CALL    ?C?CLDOPTR
                       MOV     R7,A
                       CLR     A
                 R     MOV     DPTR,#crc
                       MOVX    A,@DPTR
                       MOV     R0,A
                       INC     DPTR
                       MOVX    A,@DPTR
                       MOV     R1,A
                       INC     DPTR
                       MOVX    A,@DPTR
                       MOV     R2,A
                       INC     DPTR
                       MOVX    A,@DPTR
                       XRL     A,R7
                       MOV     R7,A
                       MOV     A,R2
                       MOV     R6,A
                       MOV     A,R1
                       MOV     R5,A
                       MOV     A,R0
                       MOV     R4,A
                       MOV     A,R7
                       CLR     A
                       MOV     R6,A
                       MOV     R5,A
                       MOV     R4,A
                       MOV     R3,#04H
                       MOV     R2,A
                       MOV     R1,A
                       MOV     R0,A
                 E     CALL    ?C?LMUL
                       CLR     A
                       ADD     A,R7
                       MOV     R7,A
                       MOV     A,R6
                       ADDC    A,#080H
                       MOV     R6,A
                       CLR     A
                       ADDC    A,R5
                       MOV     R5,A
                       CLR     A
                       ADDC    A,R4
                       MOV     R4,A
                 E     MOV     DPTR,#?_SPIFlashRead?BYTE+07H
                       MOV     A,#04H
                       MOVX    @DPTR,A
                       MOV     R3,#01H
                 R     MOV     R2,#HIGH crc_table
C51 COMPILER V9.01   CRC32                                                                 04/20/2017 16:55:12 PAGE 6   

                 R     MOV     R1,#LOW crc_table
                 E     CALL    _SPIFlashRead
                                           ; SOURCE LINE # 86
                 R     MOV     DPTR,#crc
                       MOVX    A,@DPTR
                       MOV     R4,A
                       INC     DPTR
                       MOVX    A,@DPTR
                       MOV     R5,A
                       INC     DPTR
                       MOVX    A,@DPTR
                       MOV     R6,A
                       INC     DPTR
                       MOVX    A,@DPTR
                       MOV     R7,A
                       MOV     R0,#08H
                 E     CALL    ?C?ULSHR
                 R     MOV     DPTR,#crc_table
                       MOVX    A,@DPTR
                       MOV     R0,A
                       INC     DPTR
                       MOVX    A,@DPTR
                       MOV     R1,A
                       INC     DPTR
                       MOVX    A,@DPTR
                       MOV     R2,A
                       INC     DPTR
                       MOVX    A,@DPTR
                       XRL     A,R7
                       MOV     R7,A
                       MOV     A,R2
                       XRL     A,R6
                       MOV     R6,A
                       MOV     A,R1
                       XRL     A,R5
                       MOV     R5,A
                       MOV     A,R0
                       XRL     A,R4
                       MOV     R4,A
                 R     MOV     DPTR,#crc
                 E     CALL    ?C?LSTXDATA
                                           ; SOURCE LINE # 87
                 R     MOV     DPTR,#i
                       MOVX    A,@DPTR
                       MOV     R4,A
                       INC     DPTR
                       MOVX    A,@DPTR
                       MOV     R5,A
                       INC     DPTR
                       MOVX    A,@DPTR
                       MOV     R6,A
                       INC     DPTR
                       MOVX    A,@DPTR
                       ADD     A,#01H
                       MOV     R7,A
                       CLR     A
                       ADDC    A,R6
                       MOV     R6,A
                       CLR     A
                       ADDC    A,R5
                       MOV     R5,A
                       CLR     A
C51 COMPILER V9.01   CRC32                                                                 04/20/2017 16:55:12 PAGE 7   

                       ADDC    A,R4
                       MOV     R4,A
                 R     MOV     DPTR,#i
                 E     CALL    ?C?LSTXDATA
                 R     xJMP    ?C0001
             ?C0002:
                                           ; SOURCE LINE # 89
                 R     MOV     DPTR,#crc
                       MOVX    A,@DPTR
                       MOV     R4,A
                       INC     DPTR
                       MOVX    A,@DPTR
                       MOV     R5,A
                       INC     DPTR
                       MOVX    A,@DPTR
                       MOV     R6,A
                       INC     DPTR
                       MOVX    A,@DPTR
                       MOV     R7,A
                                           ; SOURCE LINE # 90
             ?C0004:
                       RET     
             ; FUNCTION _cal_crc32_multiple (END)

C51 COMPILER V9.01   CRC32                                                                 04/20/2017 16:55:12 PAGE 8   

NAME                                    CLASS   MSPACE  TYPE    OFFSET  SIZE
====                                    =====   ======  ====    ======  ====


s8_t . . . . . . . . . . . . . . . . .  TYPEDEF  -----  CHAR     -----  1
u8_t . . . . . . . . . . . . . . . . .  TYPEDEF  -----  U_CHAR   -----  1
_cal_crc32_multiple. . . . . . . . . .  PUBLIC   CODE   PROC     0000H  -----
  crc. . . . . . . . . . . . . . . . .  AUTO     XDATA  U_LONG   0000H  4
  buffer . . . . . . . . . . . . . . .  AUTO     XDATA  PTR      0004H  3
  size . . . . . . . . . . . . . . . .  AUTO     XDATA  U_LONG   0007H  4
  i. . . . . . . . . . . . . . . . . .  AUTO     XDATA  U_LONG   000BH  4
pxdbyte. . . . . . . . . . . . . . . .  TYPEDEF  DATA   PTR      -----  2
pdbyte . . . . . . . . . . . . . . . .  TYPEDEF  -----  PTR      -----  1
dbyte. . . . . . . . . . . . . . . . .  TYPEDEF  DATA   U_CHAR   -----  1
pxbyte . . . . . . . . . . . . . . . .  TYPEDEF  -----  PTR      -----  2
ibyte. . . . . . . . . . . . . . . . .  TYPEDEF  IDATA  U_CHAR   -----  1
crc_table. . . . . . . . . . . . . . .  STATIC   XDATA  U_LONG   0000H  4
s32_t. . . . . . . . . . . . . . . . .  TYPEDEF  -----  LONG     -----  4
bool . . . . . . . . . . . . . . . . .  TYPEDEF  -----  BIT      -----  1
u32_t. . . . . . . . . . . . . . . . .  TYPEDEF  -----  U_LONG   -----  4
s16_t. . . . . . . . . . . . . . . . .  TYPEDEF  -----  INT      -----  2
xbyte. . . . . . . . . . . . . . . . .  TYPEDEF  XDATA  U_CHAR   -----  1
u16_t. . . . . . . . . . . . . . . . .  TYPEDEF  -----  U_INT    -----  2
dint . . . . . . . . . . . . . . . . .  TYPEDEF  DATA   U_INT    -----  2
byte . . . . . . . . . . . . . . . . .  TYPEDEF  -----  U_CHAR   -----  1
uint . . . . . . . . . . . . . . . . .  TYPEDEF  -----  U_INT    -----  2
_SPIFlashRead. . . . . . . . . . . . .  EXTERN   CODE   PROC     -----  -----


MODULE INFORMATION:   STATIC OVERLAYABLE
   CODE SIZE        =    254    ----
   CONSTANT SIZE    =   ----    ----
   XDATA SIZE       =      4      15
   PDATA SIZE       =   ----    ----
   DATA SIZE        =   ----    ----
   IDATA SIZE       =   ----    ----
   BIT SIZE         =   ----    ----
   EDATA SIZE       =   ----    ----
   HDATA SIZE       =   ----    ----
   XDATA CONST SIZE =   ----    ----
   FAR CONST SIZE   =   ----    ----
END OF MODULE INFORMATION.


C51 COMPILATION COMPLETE.  0 WARNING(S),  0 ERROR(S)
