C51 COMPILER V9.01   CS_SCALEKEY                                                           04/18/2017 18:27:29 PAGE 1   


C51 COMPILER V9.01, COMPILATION OF MODULE CS_SCALEKEY
OBJECT MODULE PLACED IN out/CS_ScaleKey.obj
COMPILER INVOKED BY: C:\Keil\c51\bin\C51.exe CS_ScaleKey.c OBJECT(out/CS_ScaleKey.obj) OBJECTADVANCED OPTIMIZE(9,SPEED) 
                    -BROWSE CODE SYMBOLS DF(ENABLE_APE) PR(out/CS_ScaleKey.lst) OT(7,SPEED) LARGE

line level    source

   1          #include "YC_Define.h"
   2          #include "YC_Peripheral.h"
   3          #include "system.h"
   4          #include "CS_CommTo1186.h"
   5          #include "CS_Scale_Proc.h"
   6          #include "CS_ScaleDisplay.h"
   7          #include "CS_ScaleKey.h"
   8          
   9          
  10          #define KEY_SHORT_PUSH_CNT              3                       
  11          #define KEY_LONG_PUSH_CNT                       150             //10ms  为单位
  12          #define KEY_SHORT_PRESS_TIME            18
  13          #define KEY_DOWN                                        0
  14          #define KEY_UP                                          1
  15          
  16          
  17          void CS_KeyScan(void)
  18          {
  19   1              u8_t  keyState;
  20   1              static u8_t xdata keyState_prev=1;
  21   1              static u8_t xdata keyStateCnt;
  22   1              static u8_t xdata KeyPressDeal=0;
  23   1              static u8_t xdata KeyLongPressDeal=0;
  24   1              static u8_t xdata ShortPressCount=0;
  25   1              static u8_t xdata PressTimesCount=0;
  26   1              static u8_t xdata Press;
  27   1              
  28   1              
  29   1              keyState = YC_GPIOGetInputStatus(5);    //GPIO5 
  30   1      
  31   1              if(ShortPressCount<255)         //短按计时
  32   1                      ShortPressCount++;
  33   1              
  34   1              if(keyState ==KEY_UP)
  35   1                      {
  36   2                      keyState_prev = KEY_UP; 
  37   2                      keyStateCnt = 0; 
  38   2      
  39   2                      if(KeyLongPressDeal==1)
  40   2                              Press = false;
  41   2                      
  42   2                      KeyPressDeal=0;
  43   2                      KeyLongPressDeal=0;
  44   2      
  45   2                      if(ShortPressCount>KEY_SHORT_PRESS_TIME&&PressTimesCount==1)
  46   2                              {
  47   3                              PressTimesCount = 0;
  48   3                              CS_Scale_ChangeUnit();  
  49   3                              }
  50   2                      
  51   2                      if(Press == true)
  52   2                              {
  53   3                              Press = false;
  54   3                                                      
C51 COMPILER V9.01   CS_SCALEKEY                                                           04/18/2017 18:27:29 PAGE 2   

  55   3                              //短按弹起处理
  56   3                              if(ShortPressCount <KEY_SHORT_PRESS_TIME)
  57   3                                      PressTimesCount++;
  58   3                              else
  59   3                                      {
  60   4                                      PressTimesCount = 0;
  61   4                                      CS_Scale_ChangeUnit();  
  62   4                                      }
  63   3                              ShortPressCount =0;     
  64   3                              }
  65   2                      }
  66   1              else
  67   1                      {
  68   2                      if(keyState_prev == KEY_DOWN)
  69   2                              {       
  70   3                              if(keyStateCnt<255)
  71   3                                      keyStateCnt++;
  72   3                               if(keyStateCnt > KEY_SHORT_PUSH_CNT)
  73   3                                      {
  74   4                                      Press =true;
  75   4                                      if(KeyPressDeal==0)
  76   4                                              {
  77   5                                              KeyPressDeal=1;
  78   5                                              //按键刚按下的处理
  79   5                                              if(ShortPressCount > KEY_SHORT_PRESS_TIME)
  80   5                                                      PressTimesCount = 0;
  81   5                                              ShortPressCount=0;
  82   5                                              }
  83   4                                      }
  84   3                               if(keyStateCnt > KEY_LONG_PUSH_CNT)
  85   3                                      {
  86   4                                      if(KeyLongPressDeal==0)
  87   4                                              {
  88   5                                              //按键刚长按下的处理    
  89   5                                              KeyLongPressDeal=1;                                     
  90   5                                              if(PressTimesCount==3)
  91   5                                                      {
  92   6                                                      R_Scale_state = CS_Scale_state_caling;  
  93   6                                                      CS_Scale_CaliProc(CaliProcReset);
  94   6                                                      Press = false;
  95   6                                                      keyStateCnt=0;
  96   6                                                      }
  97   5                                              PressTimesCount = 0;
  98   5                                              ShortPressCount =0;
  99   5                                              }
 100   4                                      }
 101   3                              }
 102   2                      else
 103   2                              {
 104   3                              keyState_prev = KEY_DOWN;
 105   3                              Press = false;
 106   3                              }
 107   2                      }
 108   1      }
 109          
 110          
 111          
 112          
 113          
 114          
 115          
 116          
C51 COMPILER V9.01   CS_SCALEKEY                                                           04/18/2017 18:27:29 PAGE 3   

 117          
 118          
 119          
 120          
 121          
 122          
 123          
 124          
 125          
 126          
 127          
 128          
 129          
 130          
 131          
 132          
 133          
 134          
 135          
 136          
 137          
 138          
 139          
 140          
 141          
 142          
 143          
 144          
 145          
 146          
 147          
 148          
C51 COMPILER V9.01   CS_SCALEKEY                                                           04/18/2017 18:27:29 PAGE 4   

ASSEMBLY LISTING OF GENERATED OBJECT CODE


             ; FUNCTION CS_KeyScan (BEGIN)
                                           ; SOURCE LINE # 17
                                           ; SOURCE LINE # 18
                                           ; SOURCE LINE # 29
                       MOV     R7,#05H
                 E     CALL    _YC_GPIOGetInputStatus
                       CLR     A
                       RLC     A
                       MOV     R7,A
;---- Variable 'keyState' assigned to Register 'R7' ----
                                           ; SOURCE LINE # 31
                 R     MOV     DPTR,#ShortPressCount
                       MOVX    A,@DPTR
                       CLR     C
                       SUBB    A,#0FFH
                 R     xJGE    ?C0001
                                           ; SOURCE LINE # 32
                       MOVX    A,@DPTR
                       INC     A
                       MOVX    @DPTR,A
             ?C0001:
                                           ; SOURCE LINE # 34
                       MOV     A,R7
                       XRL     A,#01H
                 R     xJNZ    ?C0002
                                           ; SOURCE LINE # 35
                                           ; SOURCE LINE # 36
                 R     MOV     DPTR,#keyState_prev
                       INC     A
                       MOVX    @DPTR,A
                                           ; SOURCE LINE # 37
                       CLR     A
                       INC     DPTR
                       MOVX    @DPTR,A
                                           ; SOURCE LINE # 39
                 R     MOV     DPTR,#KeyLongPressDeal
                       MOVX    A,@DPTR
                 R     xJNE    A,#01H,?C0003
                                           ; SOURCE LINE # 40
                       CLR     A
                 R     MOV     DPTR,#Press
                       MOVX    @DPTR,A
             ?C0003:
                                           ; SOURCE LINE # 42
                       CLR     A
                 R     MOV     DPTR,#KeyPressDeal
                       MOVX    @DPTR,A
                                           ; SOURCE LINE # 43
                       INC     DPTR
                       MOVX    @DPTR,A
                                           ; SOURCE LINE # 45
                       INC     DPTR
                       MOVX    A,@DPTR
                       SETB    C
                       SUBB    A,#012H
                 R     xJLT    ?C0004
                       INC     DPTR
                       MOVX    A,@DPTR
                 R     xJNE    A,#01H,?C0004
C51 COMPILER V9.01   CS_SCALEKEY                                                           04/18/2017 18:27:29 PAGE 5   

                                           ; SOURCE LINE # 46
                                           ; SOURCE LINE # 47
                       CLR     A
                       MOVX    @DPTR,A
                                           ; SOURCE LINE # 48
                 E     CALL    CS_Scale_ChangeUnit
                                           ; SOURCE LINE # 49
             ?C0004:
                                           ; SOURCE LINE # 51
                 R     MOV     DPTR,#Press
                       MOVX    A,@DPTR
                       XRL     A,#01H
                 R     xJNZ    ?C0018
                                           ; SOURCE LINE # 52
                                           ; SOURCE LINE # 53
                       MOVX    @DPTR,A
                                           ; SOURCE LINE # 56
                 R     MOV     DPTR,#ShortPressCount
                       MOVX    A,@DPTR
                       CLR     C
                       SUBB    A,#012H
                 R     xJGE    ?C0006
                                           ; SOURCE LINE # 57
                       INC     DPTR
                       MOVX    A,@DPTR
                       INC     A
                       MOVX    @DPTR,A
                 R     xJMP    ?C0007
             ?C0006:
                                           ; SOURCE LINE # 59
                                           ; SOURCE LINE # 60
                       CLR     A
                 R     MOV     DPTR,#PressTimesCount
                       MOVX    @DPTR,A
                                           ; SOURCE LINE # 61
                 E     CALL    CS_Scale_ChangeUnit
                                           ; SOURCE LINE # 62
             ?C0007:
                                           ; SOURCE LINE # 63
                       CLR     A
                 R     MOV     DPTR,#ShortPressCount
                       MOVX    @DPTR,A
                                           ; SOURCE LINE # 64
                                           ; SOURCE LINE # 65
                       RET     
             ?C0002:
                                           ; SOURCE LINE # 67
                                           ; SOURCE LINE # 68
                 R     MOV     DPTR,#keyState_prev
                       MOVX    A,@DPTR
                 R     xJNZ    ?C0009
                                           ; SOURCE LINE # 69
                                           ; SOURCE LINE # 70
                       INC     DPTR
                       MOVX    A,@DPTR
                       CLR     C
                       SUBB    A,#0FFH
                 R     xJGE    ?C0010
                                           ; SOURCE LINE # 71
                       MOVX    A,@DPTR
                       INC     A
                       MOVX    @DPTR,A
C51 COMPILER V9.01   CS_SCALEKEY                                                           04/18/2017 18:27:29 PAGE 6   

             ?C0010:
                                           ; SOURCE LINE # 72
                 R     MOV     DPTR,#keyStateCnt
                       MOVX    A,@DPTR
                       MOV     R7,A
                       SETB    C
                       SUBB    A,#03H
                 R     xJLT    ?C0011
                                           ; SOURCE LINE # 73
                                           ; SOURCE LINE # 74
                 R     MOV     DPTR,#Press
                       MOV     A,#01H
                       MOVX    @DPTR,A
                                           ; SOURCE LINE # 75
                 R     MOV     DPTR,#KeyPressDeal
                       MOVX    A,@DPTR
                 R     xJNZ    ?C0011
                                           ; SOURCE LINE # 76
                                           ; SOURCE LINE # 77
                       INC     A
                       MOVX    @DPTR,A
                                           ; SOURCE LINE # 79
                 R     MOV     DPTR,#ShortPressCount
                       MOVX    A,@DPTR
                       SETB    C
                       SUBB    A,#012H
                 R     xJLT    ?C0013
                                           ; SOURCE LINE # 80
                       CLR     A
                       INC     DPTR
                       MOVX    @DPTR,A
             ?C0013:
                                           ; SOURCE LINE # 81
                       CLR     A
                 R     MOV     DPTR,#ShortPressCount
                       MOVX    @DPTR,A
                                           ; SOURCE LINE # 82
                                           ; SOURCE LINE # 83
             ?C0011:
                                           ; SOURCE LINE # 84
                       MOV     A,R7
                       SETB    C
                       SUBB    A,#096H
                 R     xJLT    ?C0018
                                           ; SOURCE LINE # 85
                                           ; SOURCE LINE # 86
                 R     MOV     DPTR,#KeyLongPressDeal
                       MOVX    A,@DPTR
                 R     xJNZ    ?C0018
                                           ; SOURCE LINE # 87
                                           ; SOURCE LINE # 89
                       INC     A
                       MOVX    @DPTR,A
                                           ; SOURCE LINE # 90
                 R     MOV     DPTR,#PressTimesCount
                       MOVX    A,@DPTR
                 R     xJNE    A,#03H,?C0016
                                           ; SOURCE LINE # 91
                                           ; SOURCE LINE # 92
                 E     MOV     DPTR,#R_Scale_state
                       MOV     A,#03H
                       MOVX    @DPTR,A
C51 COMPILER V9.01   CS_SCALEKEY                                                           04/18/2017 18:27:29 PAGE 7   

                                           ; SOURCE LINE # 93
                       MOV     R7,#05H
                 E     CALL    _CS_Scale_CaliProc
                                           ; SOURCE LINE # 94
                       CLR     A
                 R     MOV     DPTR,#Press
                       MOVX    @DPTR,A
                                           ; SOURCE LINE # 95
                 R     MOV     DPTR,#keyStateCnt
                       MOVX    @DPTR,A
                                           ; SOURCE LINE # 96
             ?C0016:
                                           ; SOURCE LINE # 97
                       CLR     A
                 R     MOV     DPTR,#PressTimesCount
                       MOVX    @DPTR,A
                                           ; SOURCE LINE # 98
                 R     MOV     DPTR,#ShortPressCount
                       MOVX    @DPTR,A
                                           ; SOURCE LINE # 99
                                           ; SOURCE LINE # 100
                                           ; SOURCE LINE # 101
                       RET     
             ?C0009:
                                           ; SOURCE LINE # 103
                                           ; SOURCE LINE # 104
                       CLR     A
                 R     MOV     DPTR,#keyState_prev
                       MOVX    @DPTR,A
                                           ; SOURCE LINE # 105
                 R     MOV     DPTR,#Press
                       MOVX    @DPTR,A
                                           ; SOURCE LINE # 106
                                           ; SOURCE LINE # 107
                                           ; SOURCE LINE # 108
             ?C0018:
                       RET     
             ; FUNCTION CS_KeyScan (END)

C51 COMPILER V9.01   CS_SCALEKEY                                                           04/18/2017 18:27:29 PAGE 8   

NAME                                    CLASS   MSPACE  TYPE    OFFSET  SIZE
====                                    =====   ======  ====    ======  ====


s8_t . . . . . . . . . . . . . . . . .  TYPEDEF  -----  CHAR     -----  1
u8_t . . . . . . . . . . . . . . . . .  TYPEDEF  -----  U_CHAR   -----  1
UART_CardProtcol . . . . . . . . . . .  E_CONST  -----  U_CHAR   -----  1
YC_UARTPARAM_t . . . . . . . . . . . .  TYPEDEF  -----  STRUCT   -----  15
  uartCtrl . . . . . . . . . . . . . .  MEMBER   -----  U_CHAR   0000H  1
  pRxBuff. . . . . . . . . . . . . . .  MEMBER   -----  PTR      0001H  3
  pTxBuff. . . . . . . . . . . . . . .  MEMBER   -----  PTR      0004H  3
  rxBuffLen. . . . . . . . . . . . . .  MEMBER   -----  U_INT    0007H  2
  txBuffLen. . . . . . . . . . . . . .  MEMBER   -----  U_INT    0009H  2
  baud . . . . . . . . . . . . . . . .  MEMBER   -----  U_LONG   000BH  4
pxdbyte. . . . . . . . . . . . . . . .  TYPEDEF  DATA   PTR      -----  2
YC_LedBlink. . . . . . . . . . . . . .  * TAG *  -----  STRUCT   -----  6
  active_state . . . . . . . . . . . .  MEMBER   -----  U_CHAR   0000H  1
  gpio_num . . . . . . . . . . . . . .  MEMBER   -----  U_CHAR   0001H  1
  light_time . . . . . . . . . . . . .  MEMBER   -----  U_INT    0002H  2
  dark_time. . . . . . . . . . . . . .  MEMBER   -----  U_INT    0004H  2
pdbyte . . . . . . . . . . . . . . . .  TYPEDEF  -----  PTR      -----  1
UART_HalfDuplex. . . . . . . . . . . .  E_CONST  -----  U_CHAR   -----  1
CS_Weight_T. . . . . . . . . . . . . .  TYPEDEF  -----  STRUCT   -----  10
  origin . . . . . . . . . . . . . . .  MEMBER   -----  U_INT    0000H  2
  kg . . . . . . . . . . . . . . . . .  MEMBER   -----  U_INT    0002H  2
  lb . . . . . . . . . . . . . . . . .  MEMBER   -----  U_INT    0004H  2
  st . . . . . . . . . . . . . . . . .  MEMBER   -----  U_INT    0006H  2
  jin. . . . . . . . . . . . . . . . .  MEMBER   -----  U_INT    0008H  2
UART_Parity. . . . . . . . . . . . . .  E_CONST  -----  U_CHAR   -----  1
dbyte. . . . . . . . . . . . . . . . .  TYPEDEF  DATA   U_CHAR   -----  1
CS_ComState. . . . . . . . . . . . . .  TYPEDEF  -----  STRUCT   -----  3
  now. . . . . . . . . . . . . . . . .  MEMBER   -----  U_CHAR   0000H  1
  pre. . . . . . . . . . . . . . . . .  MEMBER   -----  U_CHAR   0001H  1
  sucess . . . . . . . . . . . . . . .  MEMBER   -----  U_CHAR   0002H  1
pxbyte . . . . . . . . . . . . . . . .  TYPEDEF  -----  PTR      -----  2
ibyte. . . . . . . . . . . . . . . . .  TYPEDEF  IDATA  U_CHAR   -----  1
R_Scale_state. . . . . . . . . . . . .  EXTERN   XDATA  U_CHAR   -----  1
CS_KeyScan . . . . . . . . . . . . . .  PUBLIC   CODE   PROC     0000H  -----
  keyState . . . . . . . . . . . . . .  * REG *  DATA   U_CHAR   0007H  1
  keyState_prev. . . . . . . . . . . .  STATIC   XDATA  U_CHAR   0000H  1
  keyStateCnt. . . . . . . . . . . . .  STATIC   XDATA  U_CHAR   0001H  1
  KeyPressDeal . . . . . . . . . . . .  STATIC   XDATA  U_CHAR   0002H  1
  KeyLongPressDeal . . . . . . . . . .  STATIC   XDATA  U_CHAR   0003H  1
  ShortPressCount. . . . . . . . . . .  STATIC   XDATA  U_CHAR   0004H  1
  PressTimesCount. . . . . . . . . . .  STATIC   XDATA  U_CHAR   0005H  1
  Press. . . . . . . . . . . . . . . .  STATIC   XDATA  U_CHAR   0006H  1
s32_t. . . . . . . . . . . . . . . . .  TYPEDEF  -----  LONG     -----  4
YC_UARTPARAM . . . . . . . . . . . . .  * TAG *  -----  STRUCT   -----  15
  uartCtrl . . . . . . . . . . . . . .  MEMBER   -----  U_CHAR   0000H  1
  pRxBuff. . . . . . . . . . . . . . .  MEMBER   -----  PTR      0001H  3
  pTxBuff. . . . . . . . . . . . . . .  MEMBER   -----  PTR      0004H  3
  rxBuffLen. . . . . . . . . . . . . .  MEMBER   -----  U_INT    0007H  2
  txBuffLen. . . . . . . . . . . . . .  MEMBER   -----  U_INT    0009H  2
  baud . . . . . . . . . . . . . . . .  MEMBER   -----  U_LONG   000BH  4
bool . . . . . . . . . . . . . . . . .  TYPEDEF  DATA   BIT      -----  1
CS_Scale_ChangeUnit. . . . . . . . . .  EXTERN   CODE   PROC     -----  -----
u32_t. . . . . . . . . . . . . . . . .  TYPEDEF  -----  U_LONG   -----  4
s16_t. . . . . . . . . . . . . . . . .  TYPEDEF  -----  INT      -----  2
xbyte. . . . . . . . . . . . . . . . .  TYPEDEF  XDATA  U_CHAR   -----  1
u16_t. . . . . . . . . . . . . . . . .  TYPEDEF  -----  U_INT    -----  2
dint . . . . . . . . . . . . . . . . .  TYPEDEF  DATA   U_INT    -----  2
C51 COMPILER V9.01   CS_SCALEKEY                                                           04/18/2017 18:27:29 PAGE 9   

NAME                                    CLASS   MSPACE  TYPE    OFFSET  SIZE
====                                    =====   ======  ====    ======  ====


byte . . . . . . . . . . . . . . . . .  TYPEDEF  -----  U_CHAR   -----  1
YC_UartCTRLBit_e . . . . . . . . . . .  TYPEDEF  -----  U_CHAR   -----  1
UART_DataLen . . . . . . . . . . . . .  E_CONST  -----  U_CHAR   -----  1
uint . . . . . . . . . . . . . . . . .  TYPEDEF  -----  U_INT    -----  2
UART_BaudSet . . . . . . . . . . . . .  E_CONST  -----  U_CHAR   -----  1
_CS_Scale_CaliProc . . . . . . . . . .  EXTERN   CODE   PROC     -----  -----
YC_LedBlink_t. . . . . . . . . . . . .  TYPEDEF  -----  STRUCT   -----  6
  active_state . . . . . . . . . . . .  MEMBER   -----  U_CHAR   0000H  1
  gpio_num . . . . . . . . . . . . . .  MEMBER   -----  U_CHAR   0001H  1
  light_time . . . . . . . . . . . . .  MEMBER   -----  U_INT    0002H  2
  dark_time. . . . . . . . . . . . . .  MEMBER   -----  U_INT    0004H  2
UART_Enable. . . . . . . . . . . . . .  E_CONST  -----  U_CHAR   -----  1
UART_EnableFlowControl . . . . . . . .  E_CONST  -----  U_CHAR   -----  1
_YC_GPIOGetInputStatus . . . . . . . .  EXTERN   CODE   PROC     -----  -----
YC_UartCTRLBit . . . . . . . . . . . .  * TAG *  -----  ENUM     -----  -----
_CS_Weight_T . . . . . . . . . . . . .  * TAG *  -----  STRUCT   -----  10
  origin . . . . . . . . . . . . . . .  MEMBER   -----  U_INT    0000H  2
  kg . . . . . . . . . . . . . . . . .  MEMBER   -----  U_INT    0002H  2
  lb . . . . . . . . . . . . . . . . .  MEMBER   -----  U_INT    0004H  2
  st . . . . . . . . . . . . . . . . .  MEMBER   -----  U_INT    0006H  2
  jin. . . . . . . . . . . . . . . . .  MEMBER   -----  U_INT    0008H  2
_CS_ComState . . . . . . . . . . . . .  * TAG *  -----  STRUCT   -----  3
  now. . . . . . . . . . . . . . . . .  MEMBER   -----  U_CHAR   0000H  1
  pre. . . . . . . . . . . . . . . . .  MEMBER   -----  U_CHAR   0001H  1
  sucess . . . . . . . . . . . . . . .  MEMBER   -----  U_CHAR   0002H  1


MODULE INFORMATION:   STATIC OVERLAYABLE
   CODE SIZE        =    277    ----
   CONSTANT SIZE    =   ----    ----
   XDATA SIZE       =      7    ----
   PDATA SIZE       =   ----    ----
   DATA SIZE        =   ----    ----
   IDATA SIZE       =   ----    ----
   BIT SIZE         =   ----    ----
   EDATA SIZE       =   ----    ----
   HDATA SIZE       =   ----    ----
   XDATA CONST SIZE =   ----    ----
   FAR CONST SIZE   =   ----    ----
END OF MODULE INFORMATION.


C51 COMPILATION COMPLETE.  0 WARNING(S),  0 ERROR(S)
