C51 COMPILER V9.01   MAIN                                                                  04/18/2017 13:28:30 PAGE 1   


C51 COMPILER V9.01, COMPILATION OF MODULE MAIN
OBJECT MODULE PLACED IN out/main.obj
COMPILER INVOKED BY: C:\Keil\c51\bin\C51.exe main.c OBJECT(out/main.obj) OBJECTADVANCED OPTIMIZE(9,SPEED) BROWSE CODE SY
                    -MBOLS DF(ENABLE_APE) PR(out/main.lst) OT(7,SPEED) LARGE

line level    source

   1          #include <reg320.h>
   2          #include <string.h>
   3          #include "hwreg.h"
   4          #include "YC_Define.h"
   5          #include "YC_Utilities.h"
   6          #include "YC_Peripheral.h"
   7          #include "YC_sys.h"
   8          #include "system.h"
   9          #include "btreg.h"
  10          #include "BT_IPC.h"
  11          //#include "wechat.h"
  12          //#include "spiflash.h"
  13          #include "CS_Scale_Proc.h"
  14          #include "CS_ScaleDisplay.h"
  15          #include "CS_ScaleKey.h"
  16          #include "CS_CommTo1186.h"
  17          #include "retation_variable.h"
  18          
  19          #include "lxProtocol.h"
  20          void main()
  21          {
  22   1              R_Test++;
  23   1              systemInit();
  24   1              while(1) {
  25   2                      BTControlProcess();
  26   2                      lxOptProcess();
  27   2                      //WechatProcess();
  28   2                      SysStatusProcess();
  29   2                      if(sys_state == SYS_ST_RUN) {
  30   3                              YC_UtilTimerProcess();          
  31   3                              CS_Scale_1186Com();             //1186通信处理
  32   3                              CS_Scale_Proc();
  33   3                      }
  34   2              }
  35   1      }
  36          
  37          
C51 COMPILER V9.01   MAIN                                                                  04/18/2017 13:28:30 PAGE 2   

ASSEMBLY LISTING OF GENERATED OBJECT CODE


             ; FUNCTION main (BEGIN)
                                           ; SOURCE LINE # 20
                                           ; SOURCE LINE # 21
                                           ; SOURCE LINE # 22
                 E     MOV     DPTR,#R_Test
                       MOVX    A,@DPTR
                       INC     A
                       MOVX    @DPTR,A
                                           ; SOURCE LINE # 23
                 E     CALL    systemInit
             ?C0001:
                                           ; SOURCE LINE # 24
                                           ; SOURCE LINE # 25
                 E     CALL    BTControlProcess
                                           ; SOURCE LINE # 26
                 E     CALL    lxOptProcess
                                           ; SOURCE LINE # 28
                 E     CALL    SysStatusProcess
                                           ; SOURCE LINE # 29
                 E     MOV     DPTR,#sys_state
                       MOVX    A,@DPTR
                 R     xJNE    A,#02H,?C0001
                                           ; SOURCE LINE # 30
                 E     CALL    YC_UtilTimerProcess
                                           ; SOURCE LINE # 31
                 E     CALL    CS_Scale_1186Com
                                           ; SOURCE LINE # 32
                 E     CALL    CS_Scale_Proc
                                           ; SOURCE LINE # 33
                                           ; SOURCE LINE # 34
                 R     xJMP    ?C0001
                       RET     
             ; FUNCTION main (END)

C51 COMPILER V9.01   MAIN                                                                  04/18/2017 13:28:30 PAGE 3   

NAME                                    CLASS   MSPACE  TYPE    OFFSET  SIZE
====                                    =====   ======  ====    ======  ====


lxOptProcess . . . . . . . . . . . . .  EXTERN   CODE   PROC     -----  -----
s8_t . . . . . . . . . . . . . . . . .  TYPEDEF  -----  CHAR     -----  1
TB81 . . . . . . . . . . . . . . . . .  ABSBIT   -----  BIT      00C3H  1
P0 . . . . . . . . . . . . . . . . . .  SFR      DATA   U_CHAR   0080H  1
P1 . . . . . . . . . . . . . . . . . .  SFR      DATA   U_CHAR   0090H  1
u8_t . . . . . . . . . . . . . . . . .  TYPEDEF  -----  U_CHAR   -----  1
SM01 . . . . . . . . . . . . . . . . .  ABSBIT   -----  BIT      00C7H  1
P2 . . . . . . . . . . . . . . . . . .  SFR      DATA   U_CHAR   00A0H  1
UART_CardProtcol . . . . . . . . . . .  E_CONST  -----  U_CHAR   -----  1
YC_UARTPARAM_t . . . . . . . . . . . .  TYPEDEF  -----  STRUCT   -----  15
  uartCtrl . . . . . . . . . . . . . .  MEMBER   -----  U_CHAR   0000H  1
  pRxBuff. . . . . . . . . . . . . . .  MEMBER   -----  PTR      0001H  3
  pTxBuff. . . . . . . . . . . . . . .  MEMBER   -----  PTR      0004H  3
  rxBuffLen. . . . . . . . . . . . . .  MEMBER   -----  U_INT    0007H  2
  txBuffLen. . . . . . . . . . . . . .  MEMBER   -----  U_INT    0009H  2
  baud . . . . . . . . . . . . . . . .  MEMBER   -----  U_LONG   000BH  4
SM11 . . . . . . . . . . . . . . . . .  ABSBIT   -----  BIT      00C6H  1
P3 . . . . . . . . . . . . . . . . . .  SFR      DATA   U_CHAR   00B0H  1
SM21 . . . . . . . . . . . . . . . . .  ABSBIT   -----  BIT      00C5H  1
T0 . . . . . . . . . . . . . . . . . .  ABSBIT   -----  BIT      00B4H  1
AC . . . . . . . . . . . . . . . . . .  ABSBIT   -----  BIT      00D6H  1
pxdbyte. . . . . . . . . . . . . . . .  TYPEDEF  DATA   PTR      -----  2
T1 . . . . . . . . . . . . . . . . . .  ABSBIT   -----  BIT      00B5H  1
T2 . . . . . . . . . . . . . . . . . .  ABSBIT   -----  BIT      0090H  1
EA . . . . . . . . . . . . . . . . . .  ABSBIT   -----  BIT      00AFH  1
YC_UtilTimerProcess. . . . . . . . . .  EXTERN   CODE   PROC     -----  -----
YC_LedBlink. . . . . . . . . . . . . .  * TAG *  -----  STRUCT   -----  6
  active_state . . . . . . . . . . . .  MEMBER   -----  U_CHAR   0000H  1
  gpio_num . . . . . . . . . . . . . .  MEMBER   -----  U_CHAR   0001H  1
  light_time . . . . . . . . . . . . .  MEMBER   -----  U_INT    0002H  2
  dark_time. . . . . . . . . . . . . .  MEMBER   -----  U_INT    0004H  2
pdbyte . . . . . . . . . . . . . . . .  TYPEDEF  -----  PTR      -----  1
DPH1 . . . . . . . . . . . . . . . . .  SFR      DATA   U_CHAR   0085H  1
IE . . . . . . . . . . . . . . . . . .  SFR      DATA   U_CHAR   00A8H  1
UART_HalfDuplex. . . . . . . . . . . .  E_CONST  -----  U_CHAR   -----  1
size_t . . . . . . . . . . . . . . . .  TYPEDEF  -----  U_INT    -----  2
FL . . . . . . . . . . . . . . . . . .  ABSBIT   -----  BIT      00D1H  1
DPL1 . . . . . . . . . . . . . . . . .  SFR      DATA   U_CHAR   0084H  1
TA . . . . . . . . . . . . . . . . . .  SFR      DATA   U_CHAR   00C7H  1
EXF2 . . . . . . . . . . . . . . . . .  ABSBIT   -----  BIT      00CEH  1
RD . . . . . . . . . . . . . . . . . .  ABSBIT   -----  BIT      00B7H  1
CS_Weight_T. . . . . . . . . . . . . .  TYPEDEF  -----  STRUCT   -----  10
  origin . . . . . . . . . . . . . . .  MEMBER   -----  U_INT    0000H  2
  kg . . . . . . . . . . . . . . . . .  MEMBER   -----  U_INT    0002H  2
  lb . . . . . . . . . . . . . . . . .  MEMBER   -----  U_INT    0004H  2
  st . . . . . . . . . . . . . . . . .  MEMBER   -----  U_INT    0006H  2
  jin. . . . . . . . . . . . . . . . .  MEMBER   -----  U_INT    0008H  2
REN1 . . . . . . . . . . . . . . . . .  ABSBIT   -----  BIT      00C4H  1
IP . . . . . . . . . . . . . . . . . .  SFR      DATA   U_CHAR   00B8H  1
DFIFO0 . . . . . . . . . . . . . . . .  SFR      DATA   U_CHAR   0094H  1
UART_Parity. . . . . . . . . . . . . .  E_CONST  -----  U_CHAR   -----  1
dbyte. . . . . . . . . . . . . . . . .  TYPEDEF  DATA   U_CHAR   -----  1
DFIFO1 . . . . . . . . . . . . . . . .  SFR      DATA   U_CHAR   0095H  1
RI . . . . . . . . . . . . . . . . . .  ABSBIT   -----  BIT      0098H  1
CS_ComState. . . . . . . . . . . . . .  TYPEDEF  -----  STRUCT   -----  3
  now. . . . . . . . . . . . . . . . .  MEMBER   -----  U_CHAR   0000H  1
  pre. . . . . . . . . . . . . . . . .  MEMBER   -----  U_CHAR   0001H  1
C51 COMPILER V9.01   MAIN                                                                  04/18/2017 13:28:30 PAGE 4   

NAME                                    CLASS   MSPACE  TYPE    OFFSET  SIZE
====                                    =====   ======  ====    ======  ====


  sucess . . . . . . . . . . . . . . .  MEMBER   -----  U_CHAR   0002H  1
DFIFO2 . . . . . . . . . . . . . . . .  SFR      DATA   U_CHAR   0096H  1
INT0 . . . . . . . . . . . . . . . . .  ABSBIT   -----  BIT      00B2H  1
CY . . . . . . . . . . . . . . . . . .  ABSBIT   -----  BIT      00D7H  1
TI . . . . . . . . . . . . . . . . . .  ABSBIT   -----  BIT      0099H  1
INT1 . . . . . . . . . . . . . . . . .  ABSBIT   -----  BIT      00B3H  1
SADEN0 . . . . . . . . . . . . . . . .  SFR      DATA   U_CHAR   00B9H  1
INT2 . . . . . . . . . . . . . . . . .  ABSBIT   -----  BIT      0094H  1
SADEN1 . . . . . . . . . . . . . . . .  SFR      DATA   U_CHAR   00BAH  1
RXD0 . . . . . . . . . . . . . . . . .  ABSBIT   -----  BIT      00B0H  1
INT3 . . . . . . . . . . . . . . . . .  ABSBIT   -----  BIT      0095H  1
pxbyte . . . . . . . . . . . . . . . .  TYPEDEF  -----  PTR      -----  2
ibyte. . . . . . . . . . . . . . . . .  TYPEDEF  IDATA  U_CHAR   -----  1
RXD1 . . . . . . . . . . . . . . . . .  ABSBIT   -----  BIT      0092H  1
INT4 . . . . . . . . . . . . . . . . .  ABSBIT   -----  BIT      0096H  1
SADDR0 . . . . . . . . . . . . . . . .  SFR      DATA   U_CHAR   00A9H  1
BT_EVENTFIFO . . . . . . . . . . . . .  * TAG *  -----  STRUCT   -----  25
  len. . . . . . . . . . . . . . . . .  MEMBER   -----  U_CHAR   0000H  1
  DATA . . . . . . . . . . . . . . . .  MEMBER   -----  ARRAY    0001H  24
TXD0 . . . . . . . . . . . . . . . . .  ABSBIT   -----  BIT      00B1H  1
INT5 . . . . . . . . . . . . . . . . .  ABSBIT   -----  BIT      0097H  1
SADDR1 . . . . . . . . . . . . . . . .  SFR      DATA   U_CHAR   00AAH  1
YC_UtilTimer . . . . . . . . . . . . .  * TAG *  -----  STRUCT   -----  61
  timer_flages . . . . . . . . . . . .  MEMBER   -----  U_CHAR   0000H  1
  callback . . . . . . . . . . . . . .  MEMBER   -----  ARRAY    0001H  24
  timer_end. . . . . . . . . . . . . .  MEMBER   -----  ARRAY    0019H  32
  last_timer . . . . . . . . . . . . .  MEMBER   -----  U_LONG   0039H  4
TXD1 . . . . . . . . . . . . . . . . .  ABSBIT   -----  BIT      0093H  1
RCAP2H . . . . . . . . . . . . . . . .  SFR      DATA   U_CHAR   00CBH  1
SP . . . . . . . . . . . . . . . . . .  SFR      DATA   U_CHAR   0081H  1
T2EX . . . . . . . . . . . . . . . . .  ABSBIT   -----  BIT      0091H  1
EPFI . . . . . . . . . . . . . . . . .  ABSBIT   -----  BIT      00DDH  1
OV . . . . . . . . . . . . . . . . . .  ABSBIT   -----  BIT      00D2H  1
RCAP2L . . . . . . . . . . . . . . . .  SFR      DATA   U_CHAR   00CAH  1
main . . . . . . . . . . . . . . . . .  PUBLIC   CODE   PROC     0000H  -----
C_T2 . . . . . . . . . . . . . . . . .  ABSBIT   -----  BIT      00C9H  1
WR . . . . . . . . . . . . . . . . . .  ABSBIT   -----  BIT      00B6H  1
EWDI . . . . . . . . . . . . . . . . .  ABSBIT   -----  BIT      00ECH  1
WDIF . . . . . . . . . . . . . . . . .  ABSBIT   -----  BIT      00DBH  1
s32_t. . . . . . . . . . . . . . . . .  TYPEDEF  -----  LONG     -----  4
RCLK . . . . . . . . . . . . . . . . .  ABSBIT   -----  BIT      00CDH  1
EXIF . . . . . . . . . . . . . . . . .  SFR      DATA   U_CHAR   0091H  1
SysStatusProcess . . . . . . . . . . .  EXTERN   CODE   PROC     -----  -----
YC_UARTPARAM . . . . . . . . . . . . .  * TAG *  -----  STRUCT   -----  15
  uartCtrl . . . . . . . . . . . . . .  MEMBER   -----  U_CHAR   0000H  1
  pRxBuff. . . . . . . . . . . . . . .  MEMBER   -----  PTR      0001H  3
  pTxBuff. . . . . . . . . . . . . . .  MEMBER   -----  PTR      0004H  3
  rxBuffLen. . . . . . . . . . . . . .  MEMBER   -----  U_INT    0007H  2
  txBuffLen. . . . . . . . . . . . . .  MEMBER   -----  U_INT    0009H  2
  baud . . . . . . . . . . . . . . . .  MEMBER   -----  U_LONG   000BH  4
bool . . . . . . . . . . . . . . . . .  TYPEDEF  DATA   BIT      -----  1
u32_t. . . . . . . . . . . . . . . . .  TYPEDEF  -----  U_LONG   -----  4
s16_t. . . . . . . . . . . . . . . . .  TYPEDEF  -----  INT      -----  2
xbyte. . . . . . . . . . . . . . . . .  TYPEDEF  XDATA  U_CHAR   -----  1
TCLK . . . . . . . . . . . . . . . . .  ABSBIT   -----  BIT      00CCH  1
u16_t. . . . . . . . . . . . . . . . .  TYPEDEF  -----  U_INT    -----  2
dint . . . . . . . . . . . . . . . . .  TYPEDEF  DATA   U_INT    -----  2
C51 COMPILER V9.01   MAIN                                                                  04/18/2017 13:28:30 PAGE 5   

NAME                                    CLASS   MSPACE  TYPE    OFFSET  SIZE
====                                    =====   ======  ====    ======  ====


PCON . . . . . . . . . . . . . . . . .  SFR      DATA   U_CHAR   0087H  1
CS_Scale_1186Com . . . . . . . . . . .  EXTERN   CODE   PROC     -----  -----
PWDI . . . . . . . . . . . . . . . . .  ABSBIT   -----  BIT      00FCH  1
TMOD . . . . . . . . . . . . . . . . .  SFR      DATA   U_CHAR   0089H  1
TCON . . . . . . . . . . . . . . . . .  SFR      DATA   U_CHAR   0088H  1
byte . . . . . . . . . . . . . . . . .  TYPEDEF  -----  U_CHAR   -----  1
DeviceInfo_t . . . . . . . . . . . . .  TYPEDEF  -----  STRUCT   -----  10
  registerFlag . . . . . . . . . . . .  MEMBER   -----  U_CHAR   0000H  1
  bindFlag . . . . . . . . . . . . . .  MEMBER   -----  U_CHAR   0001H  1
  loginFlag. . . . . . . . . . . . . .  MEMBER   -----  U_CHAR   0002H  1
  userNum. . . . . . . . . . . . . . .  MEMBER   -----  U_CHAR   0003H  1
  deviceID . . . . . . . . . . . . . .  MEMBER   -----  ARRAY    0004H  6
YC_UartCTRLBit_e . . . . . . . . . . .  TYPEDEF  -----  U_CHAR   -----  1
UART_DataLen . . . . . . . . . . . . .  E_CONST  -----  U_CHAR   -----  1
IE0. . . . . . . . . . . . . . . . . .  ABSBIT   -----  BIT      0089H  1
IE1. . . . . . . . . . . . . . . . . .  ABSBIT   -----  BIT      008BH  1
systemInit . . . . . . . . . . . . . .  EXTERN   CODE   PROC     -----  -----
B. . . . . . . . . . . . . . . . . . .  SFR      DATA   U_CHAR   00F0H  1
uint . . . . . . . . . . . . . . . . .  TYPEDEF  -----  U_INT    -----  2
WTRF . . . . . . . . . . . . . . . . .  ABSBIT   -----  BIT      00DAH  1
CP_RL2 . . . . . . . . . . . . . . . .  ABSBIT   -----  BIT      00C8H  1
SMOD_1 . . . . . . . . . . . . . . . .  ABSBIT   -----  BIT      00DFH  1
BT_CMDFIFO_t . . . . . . . . . . . . .  TYPEDEF  -----  STRUCT   -----  25
  len. . . . . . . . . . . . . . . . .  MEMBER   -----  U_CHAR   0000H  1
  DATA . . . . . . . . . . . . . . . .  MEMBER   -----  ARRAY    0001H  24
ACC. . . . . . . . . . . . . . . . . .  SFR      DATA   U_CHAR   00E0H  1
ES0. . . . . . . . . . . . . . . . . .  ABSBIT   -----  BIT      00ACH  1
ET0. . . . . . . . . . . . . . . . . .  ABSBIT   -----  BIT      00A9H  1
ES1. . . . . . . . . . . . . . . . . .  ABSBIT   -----  BIT      00AEH  1
UART_BaudSet . . . . . . . . . . . . .  E_CONST  -----  U_CHAR   -----  1
ET1. . . . . . . . . . . . . . . . . .  ABSBIT   -----  BIT      00ABH  1
TF0. . . . . . . . . . . . . . . . . .  ABSBIT   -----  BIT      008DH  1
ET2. . . . . . . . . . . . . . . . . .  ABSBIT   -----  BIT      00ADH  1
TF1. . . . . . . . . . . . . . . . . .  ABSBIT   -----  BIT      008FH  1
TF2. . . . . . . . . . . . . . . . . .  ABSBIT   -----  BIT      00CFH  1
RI1. . . . . . . . . . . . . . . . . .  ABSBIT   -----  BIT      00C0H  1
RB8. . . . . . . . . . . . . . . . . .  ABSBIT   -----  BIT      009AH  1
TH0. . . . . . . . . . . . . . . . . .  SFR      DATA   U_CHAR   008CH  1
EX0. . . . . . . . . . . . . . . . . .  ABSBIT   -----  BIT      00A8H  1
IT0. . . . . . . . . . . . . . . . . .  ABSBIT   -----  BIT      0088H  1
TH1. . . . . . . . . . . . . . . . . .  SFR      DATA   U_CHAR   008DH  1
TI1. . . . . . . . . . . . . . . . . .  ABSBIT   -----  BIT      00C1H  1
TB8. . . . . . . . . . . . . . . . . .  ABSBIT   -----  BIT      009BH  1
EX1. . . . . . . . . . . . . . . . . .  ABSBIT   -----  BIT      00AAH  1
IT1. . . . . . . . . . . . . . . . . .  ABSBIT   -----  BIT      008AH  1
TH2. . . . . . . . . . . . . . . . . .  SFR      DATA   U_CHAR   00CDH  1
EX2. . . . . . . . . . . . . . . . . .  ABSBIT   -----  BIT      00E8H  1
P. . . . . . . . . . . . . . . . . . .  ABSBIT   -----  BIT      00D0H  1
EX3. . . . . . . . . . . . . . . . . .  ABSBIT   -----  BIT      00E9H  1
SM0. . . . . . . . . . . . . . . . . .  ABSBIT   -----  BIT      009FH  1
TL0. . . . . . . . . . . . . . . . . .  SFR      DATA   U_CHAR   008AH  1
EX4. . . . . . . . . . . . . . . . . .  ABSBIT   -----  BIT      00EAH  1
SM1. . . . . . . . . . . . . . . . . .  ABSBIT   -----  BIT      009EH  1
TL1. . . . . . . . . . . . . . . . . .  SFR      DATA   U_CHAR   008BH  1
EX5. . . . . . . . . . . . . . . . . .  ABSBIT   -----  BIT      00EBH  1
SM2. . . . . . . . . . . . . . . . . .  ABSBIT   -----  BIT      009DH  1
TL2. . . . . . . . . . . . . . . . . .  SFR      DATA   U_CHAR   00CCH  1
C51 COMPILER V9.01   MAIN                                                                  04/18/2017 13:28:30 PAGE 6   

NAME                                    CLASS   MSPACE  TYPE    OFFSET  SIZE
====                                    =====   ======  ====    ======  ====


PS0. . . . . . . . . . . . . . . . . .  ABSBIT   -----  BIT      00BCH  1
EIE. . . . . . . . . . . . . . . . . .  SFR      DATA   U_CHAR   00E8H  1
R_Test . . . . . . . . . . . . . . . .  EXTERN   XDATA  U_CHAR   -----  1
PT0. . . . . . . . . . . . . . . . . .  ABSBIT   -----  BIT      00B9H  1
PS1. . . . . . . . . . . . . . . . . .  ABSBIT   -----  BIT      00BEH  1
PT1. . . . . . . . . . . . . . . . . .  ABSBIT   -----  BIT      00BBH  1
RS0. . . . . . . . . . . . . . . . . .  ABSBIT   -----  BIT      00D3H  1
PT2. . . . . . . . . . . . . . . . . .  ABSBIT   -----  BIT      00BDH  1
TR0. . . . . . . . . . . . . . . . . .  ABSBIT   -----  BIT      008CH  1
RS1. . . . . . . . . . . . . . . . . .  ABSBIT   -----  BIT      00D4H  1
TR1. . . . . . . . . . . . . . . . . .  ABSBIT   -----  BIT      008EH  1
CS_Scale_Proc. . . . . . . . . . . . .  EXTERN   CODE   PROC     -----  -----
TR2. . . . . . . . . . . . . . . . . .  ABSBIT   -----  BIT      00CAH  1
PX0. . . . . . . . . . . . . . . . . .  ABSBIT   -----  BIT      00B8H  1
PX1. . . . . . . . . . . . . . . . . .  ABSBIT   -----  BIT      00BAH  1
PX2. . . . . . . . . . . . . . . . . .  ABSBIT   -----  BIT      00F8H  1
YC_LedBlink_t. . . . . . . . . . . . .  TYPEDEF  -----  STRUCT   -----  6
  active_state . . . . . . . . . . . .  MEMBER   -----  U_CHAR   0000H  1
  gpio_num . . . . . . . . . . . . . .  MEMBER   -----  U_CHAR   0001H  1
  light_time . . . . . . . . . . . . .  MEMBER   -----  U_INT    0002H  2
  dark_time. . . . . . . . . . . . . .  MEMBER   -----  U_INT    0004H  2
PX3. . . . . . . . . . . . . . . . . .  ABSBIT   -----  BIT      00F9H  1
PX4. . . . . . . . . . . . . . . . . .  ABSBIT   -----  BIT      00FAH  1
DPH. . . . . . . . . . . . . . . . . .  SFR      DATA   U_CHAR   0083H  1
PX5. . . . . . . . . . . . . . . . . .  ABSBIT   -----  BIT      00FBH  1
EIP. . . . . . . . . . . . . . . . . .  SFR      DATA   U_CHAR   00F8H  1
PFI. . . . . . . . . . . . . . . . . .  ABSBIT   -----  BIT      00DCH  1
DPL. . . . . . . . . . . . . . . . . .  SFR      DATA   U_CHAR   0082H  1
BTControlProcess . . . . . . . . . . .  EXTERN   CODE   PROC     -----  -----
SBUF0. . . . . . . . . . . . . . . . .  SFR      DATA   U_CHAR   0099H  1
SBUF1. . . . . . . . . . . . . . . . .  SFR      DATA   U_CHAR   00C1H  1
EXEN2. . . . . . . . . . . . . . . . .  ABSBIT   -----  BIT      00CBH  1
SCON0. . . . . . . . . . . . . . . . .  SFR      DATA   U_CHAR   0098H  1
sys_state. . . . . . . . . . . . . . .  EXTERN   XDATA  U_CHAR   -----  1
REN. . . . . . . . . . . . . . . . . .  ABSBIT   -----  BIT      009CH  1
SCON1. . . . . . . . . . . . . . . . .  SFR      DATA   U_CHAR   00C0H  1
STATUS . . . . . . . . . . . . . . . .  SFR      DATA   U_CHAR   00C5H  1
p_TimerCallback. . . . . . . . . . . .  TYPEDEF  -----  PTR      -----  3
T2MOD. . . . . . . . . . . . . . . . .  SFR      DATA   U_CHAR   00C9H  1
T2CON. . . . . . . . . . . . . . . . .  SFR      DATA   U_CHAR   00C8H  1
DPS. . . . . . . . . . . . . . . . . .  SFR      DATA   U_CHAR   0086H  1
UART_Enable. . . . . . . . . . . . . .  E_CONST  -----  U_CHAR   -----  1
HistoryList_t. . . . . . . . . . . . .  TYPEDEF  -----  STRUCT   -----  63
  head . . . . . . . . . . . . . . . .  MEMBER   -----  U_CHAR   0000H  1
  tail . . . . . . . . . . . . . . . .  MEMBER   -----  U_CHAR   0001H  1
  size . . . . . . . . . . . . . . . .  MEMBER   -----  U_CHAR   0002H  1
  measureData. . . . . . . . . . . . .  MEMBER   -----  ARRAY    0003H  60
UART_EnableFlowControl . . . . . . . .  E_CONST  -----  U_CHAR   -----  1
CKCON. . . . . . . . . . . . . . . . .  SFR      DATA   U_CHAR   008EH  1
EWT. . . . . . . . . . . . . . . . . .  ABSBIT   -----  BIT      00D9H  1
BT_CMDFIFO . . . . . . . . . . . . . .  * TAG *  -----  STRUCT   -----  25
  len. . . . . . . . . . . . . . . . .  MEMBER   -----  U_CHAR   0000H  1
  DATA . . . . . . . . . . . . . . . .  MEMBER   -----  ARRAY    0001H  24
POR. . . . . . . . . . . . . . . . . .  ABSBIT   -----  BIT      00DEH  1
YC_UartCTRLBit . . . . . . . . . . . .  * TAG *  -----  ENUM     -----  -----
UserMeasureData. . . . . . . . . . . .  TYPEDEF  -----  STRUCT   -----  6
  weight . . . . . . . . . . . . . . .  MEMBER   -----  U_INT    0000H  2
C51 COMPILER V9.01   MAIN                                                                  04/18/2017 13:28:30 PAGE 7   

NAME                                    CLASS   MSPACE  TYPE    OFFSET  SIZE
====                                    =====   ======  ====    ======  ====


  UTCTime. . . . . . . . . . . . . . .  MEMBER   -----  ARRAY    0002H  4
BT_EVENTFIFO_t . . . . . . . . . . . .  TYPEDEF  -----  STRUCT   -----  25
  len. . . . . . . . . . . . . . . . .  MEMBER   -----  U_CHAR   0000H  1
  DATA . . . . . . . . . . . . . . . .  MEMBER   -----  ARRAY    0001H  24
F0 . . . . . . . . . . . . . . . . . .  ABSBIT   -----  BIT      00D5H  1
_CS_Weight_T . . . . . . . . . . . . .  * TAG *  -----  STRUCT   -----  10
  origin . . . . . . . . . . . . . . .  MEMBER   -----  U_INT    0000H  2
  kg . . . . . . . . . . . . . . . . .  MEMBER   -----  U_INT    0002H  2
  lb . . . . . . . . . . . . . . . . .  MEMBER   -----  U_INT    0004H  2
  st . . . . . . . . . . . . . . . . .  MEMBER   -----  U_INT    0006H  2
  jin. . . . . . . . . . . . . . . . .  MEMBER   -----  U_INT    0008H  2
YC_UtilTimer_t . . . . . . . . . . . .  TYPEDEF  -----  STRUCT   -----  61
  timer_flages . . . . . . . . . . . .  MEMBER   -----  U_CHAR   0000H  1
  callback . . . . . . . . . . . . . .  MEMBER   -----  ARRAY    0001H  24
  timer_end. . . . . . . . . . . . . .  MEMBER   -----  ARRAY    0019H  32
  last_timer . . . . . . . . . . . . .  MEMBER   -----  U_LONG   0039H  4
F1 . . . . . . . . . . . . . . . . . .  ABSBIT   -----  BIT      00D1H  1
PSW. . . . . . . . . . . . . . . . . .  SFR      DATA   U_CHAR   00D0H  1
_CS_ComState . . . . . . . . . . . . .  * TAG *  -----  STRUCT   -----  3
  now. . . . . . . . . . . . . . . . .  MEMBER   -----  U_CHAR   0000H  1
  pre. . . . . . . . . . . . . . . . .  MEMBER   -----  U_CHAR   0001H  1
  sucess . . . . . . . . . . . . . . .  MEMBER   -----  U_CHAR   0002H  1
WDCON. . . . . . . . . . . . . . . . .  SFR      DATA   U_CHAR   00D8H  1
RWT. . . . . . . . . . . . . . . . . .  ABSBIT   -----  BIT      00D8H  1
RB81 . . . . . . . . . . . . . . . . .  ABSBIT   -----  BIT      00C2H  1


MODULE INFORMATION:   STATIC OVERLAYABLE
   CODE SIZE        =     43    ----
   CONSTANT SIZE    =   ----    ----
   XDATA SIZE       =   ----    ----
   PDATA SIZE       =   ----    ----
   DATA SIZE        =   ----    ----
   IDATA SIZE       =   ----    ----
   BIT SIZE         =   ----    ----
   EDATA SIZE       =   ----    ----
   HDATA SIZE       =   ----    ----
   XDATA CONST SIZE =   ----    ----
   FAR CONST SIZE   =   ----    ----
END OF MODULE INFORMATION.


C51 COMPILATION COMPLETE.  0 WARNING(S),  0 ERROR(S)
